c:\users\andrz\desktop\programowanie\projekt-mini-console-games\kolko i krzyzyk\x64\release\vc142.pdb
c:\users\andrz\desktop\programowanie\projekt-mini-console-games\kolko i krzyzyk\x64\release\stateglowny.obj
c:\users\andrz\desktop\programowanie\projekt-mini-console-games\kolko i krzyzyk\x64\release\splashstate.obj
c:\users\andrz\desktop\programowanie\projekt-mini-console-games\kolko i krzyzyk\x64\release\mainmenustate.obj
c:\users\andrz\desktop\programowanie\projekt-mini-console-games\kolko i krzyzyk\x64\release\kolko i krzyzyk.obj
c:\users\andrz\desktop\programowanie\projekt-mini-console-games\kolko i krzyzyk\x64\release\inputmngr.obj
c:\users\andrz\desktop\programowanie\projekt-mini-console-games\kolko i krzyzyk\x64\release\gra.obj
c:\users\andrz\desktop\programowanie\projekt-mini-console-games\kolko i krzyzyk\x64\release\assetmngr.obj
c:\users\andrz\desktop\programowanie\projekt-mini-console-games\kolko i krzyzyk\x64\release\stategry.obj
c:\users\andrz\desktop\programowanie\projekt-mini-console-games\kolko i krzyzyk\x64\release\pauzastate.obj
c:\users\andrz\desktop\programowanie\projekt-mini-console-games\kolko i krzyzyk\x64\release\koniecgry.obj
c:\users\andrz\desktop\programowanie\projekt-mini-console-games\kolko i krzyzyk\x64\release\kolko i krzyzyk.ipdb
c:\users\andrz\desktop\programowanie\projekt-mini-console-games\kolko i krzyzyk\x64\release\kolko i krzyzyk.iobj
c:\users\andrz\desktop\programowanie\projekt-mini-console-games\kolko i krzyzyk\x64\release\kolko i krzyzyk.exe
c:\users\andrz\desktop\programowanie\projekt-mini-console-games\kolko i krzyzyk\x64\release\kolko i krzyzyk.pdb
c:\users\andrz\desktop\programowanie\projekt-mini-console-games\kolko i krzyzyk\x64\release\kolko i krzyzyk.tlog\cl.command.1.tlog
c:\users\andrz\desktop\programowanie\projekt-mini-console-games\kolko i krzyzyk\x64\release\kolko i krzyzyk.tlog\cl.read.1.tlog
c:\users\andrz\desktop\programowanie\projekt-mini-console-games\kolko i krzyzyk\x64\release\kolko i krzyzyk.tlog\cl.write.1.tlog
c:\users\andrz\desktop\programowanie\projekt-mini-console-games\kolko i krzyzyk\x64\release\kolko i krzyzyk.tlog\kolko i krzyzyk.write.1u.tlog
c:\users\andrz\desktop\programowanie\projekt-mini-console-games\kolko i krzyzyk\x64\release\kolko i krzyzyk.tlog\link.command.1.tlog
c:\users\andrz\desktop\programowanie\projekt-mini-console-games\kolko i krzyzyk\x64\release\kolko i krzyzyk.tlog\link.read.1.tlog
c:\users\andrz\desktop\programowanie\projekt-mini-console-games\kolko i krzyzyk\x64\release\kolko i krzyzyk.tlog\link.write.1.tlog
